9.2_App_settings/DCSettingsSupportVersion/app/build/intermediates/manifest_merge_blame_file/debug/manifest-merger-blame-debug-report.txt
1<?xml version="1.0" encoding="utf-8"?>
2<manifest xmlns:android="http://schemas.android.com/apk/res/android"
3    package="com.shady.dcsettingsupportversion"
4    android:versionCode="1"
5    android:versionName="1.0" >
6
7    <uses-sdk
8        android:minSdkVersion="21"
8-->src\main\AndroidManifest.xml
9        android:targetSdkVersion="28" />
9-->src\main\AndroidManifest.xml
10
11    <application
11-->src\main\AndroidManifest.xml:6:5-39:19
12        android:allowBackup="true"
12-->src\main\AndroidManifest.xml:7:9-35
13        android:appComponentFactory="android.support.v4.app.CoreComponentFactory"
13-->[com.android.support:support-compat:28.0.0] AndroidManifest.xml:22:18-91
14        android:debuggable="true"
15        android:icon="@mipmap/ic_launcher"
15-->src\main\AndroidManifest.xml:8:9-43
16        android:label="@string/app_name"
16-->src\main\AndroidManifest.xml:9:9-41
17        android:roundIcon="@mipmap/ic_launcher_round"
17-->src\main\AndroidManifest.xml:10:9-54
18        android:supportsRtl="true"
18-->src\main\AndroidManifest.xml:11:9-35
19        android:testOnly="true"
20        android:theme="@style/AppTheme" >
20-->src\main\AndroidManifest.xml:12:9-40
21        <activity
21-->src\main\AndroidManifest.xml:14:9-22:20
22            android:name="com.shady.dcsettingsupportversion.MainActivity"
22-->src\main\AndroidManifest.xml:15:13-74
23            android:label="@string/app_name"
23-->src\main\AndroidManifest.xml:16:13-45
24            android:theme="@style/AppTheme.NoActionBar" >
24-->src\main\AndroidManifest.xml:17:13-56
25            <intent-filter>
25-->src\main\AndroidManifest.xml:18:13-21:29
26                <action android:name="android.intent.action.MAIN" />
26-->src\main\AndroidManifest.xml:19:17-69
26-->src\main\AndroidManifest.xml:19:25-66
27
28                <category android:name="android.intent.category.LAUNCHER" />
28-->src\main\AndroidManifest.xml:20:17-77
28-->src\main\AndroidManifest.xml:20:27-74
29            </intent-filter>
30        </activity>
31        <activity
31-->src\main\AndroidManifest.xml:23:9-30:20
32            android:name="com.shady.dcsettingsupportversion.OrderActivity"
32-->src\main\AndroidManifest.xml:24:13-75
33            android:label="@string/title_activity_order"
33-->src\main\AndroidManifest.xml:25:13-57
34            android:parentActivityName="com.shady.dcsettingsupportversion.MainActivity" >
34-->src\main\AndroidManifest.xml:26:13-88
35            <meta-data
35-->src\main\AndroidManifest.xml:27:13-29:82
36                android:name="android.support.PARENT_ACTIVITY"
36-->src\main\AndroidManifest.xml:28:17-63
37                android:value="com.shady.dcsettingsupportversion.MainActivity" />
37-->src\main\AndroidManifest.xml:29:17-79
38        </activity>
39        <activity
39-->src\main\AndroidManifest.xml:31:9-38:20
40            android:name="com.shady.dcsettingsupportversion.SettingsActivity"
40-->src\main\AndroidManifest.xml:32:13-78
41            android:label="@string/title_activity_settings"
41-->src\main\AndroidManifest.xml:33:13-60
42            android:parentActivityName="com.shady.dcsettingsupportversion.MainActivity" >
42-->src\main\AndroidManifest.xml:34:13-88
43            <meta-data
43-->src\main\AndroidManifest.xml:27:13-29:82
44                android:name="android.support.PARENT_ACTIVITY"
44-->src\main\AndroidManifest.xml:28:17-63
45                android:value="com.shady.dcsettingsupportversion.MainActivity" />
45-->src\main\AndroidManifest.xml:29:17-79
46        </activity>
47    </application>
48
49</manifest>